\BOOKMARK [1][-]{section.1}{Insiemi}{}% 1
\BOOKMARK [1][-]{section.2}{Insiemi numerici}{}% 2
\BOOKMARK [2][-]{subsection.2.1}{Numeri naturali}{section.2}% 3
\BOOKMARK [3][-]{subsubsection.2.1.1}{Propriet\340}{subsection.2.1}% 4
\BOOKMARK [3][-]{subsubsection.2.1.2}{Operazioni definite}{subsection.2.1}% 5
\BOOKMARK [3][-]{subsubsection.2.1.3}{Principio del minimo intero}{subsection.2.1}% 6
\BOOKMARK [3][-]{subsubsection.2.1.4}{Il principio di induzione}{subsection.2.1}% 7
\BOOKMARK [3][-]{subsubsection.2.1.5}{Fattoriale}{subsection.2.1}% 8
\BOOKMARK [3][-]{subsubsection.2.1.6}{Coefficiente binomiale}{subsection.2.1}% 9
\BOOKMARK [3][-]{subsubsection.2.1.7}{Binomio di Newton}{subsection.2.1}% 10
\BOOKMARK [2][-]{subsection.2.2}{Numeri interi relativi}{section.2}% 11
\BOOKMARK [3][-]{subsubsection.2.2.1}{Costruzione}{subsection.2.2}% 12
\BOOKMARK [3][-]{subsubsection.2.2.2}{Operazioni definite}{subsection.2.2}% 13
\BOOKMARK [2][-]{subsection.2.3}{Numeri razionali}{section.2}% 14
\BOOKMARK [3][-]{subsubsection.2.3.1}{Costruzione}{subsection.2.3}% 15
\BOOKMARK [3][-]{subsubsection.2.3.2}{Operazioni definite}{subsection.2.3}% 16
\BOOKMARK [3][-]{subsubsection.2.3.3}{La rappresentazione decimale}{subsection.2.3}% 17
\BOOKMARK [2][-]{subsection.2.4}{I numeri reali}{section.2}% 18
\BOOKMARK [3][-]{subsubsection.2.4.1}{Operazioni definite}{subsection.2.4}% 19
\BOOKMARK [3][-]{subsubsection.2.4.2}{Assioma di completezza}{subsection.2.4}% 20
\BOOKMARK [2][-]{subsection.2.5}{Numeri complessi}{section.2}% 21
\BOOKMARK [3][-]{subsubsection.2.5.1}{Costruzione}{subsection.2.5}% 22
\BOOKMARK [3][-]{subsubsection.2.5.2}{Operazioni}{subsection.2.5}% 23
\BOOKMARK [1][-]{section.3}{Sommatoria}{}% 24
\BOOKMARK [1][-]{section.4}{La produttoria}{}% 25
\BOOKMARK [1][-]{section.5}{Intervalli e intorni}{}% 26
\BOOKMARK [2][-]{subsection.5.1}{Intervallo}{section.5}% 27
\BOOKMARK [2][-]{subsection.5.2}{Intorno}{section.5}% 28
\BOOKMARK [1][-]{section.6}{Insiemi limitati}{}% 29
\BOOKMARK [2][-]{subsection.6.1}{Massimo di un insieme limitato}{section.6}% 30
\BOOKMARK [2][-]{subsection.6.2}{Minimo di un insieme limitato}{section.6}% 31
\BOOKMARK [2][-]{subsection.6.3}{Maggiorante di un insieme limitato}{section.6}% 32
\BOOKMARK [2][-]{subsection.6.4}{Minorante di un insieme limitato}{section.6}% 33
\BOOKMARK [2][-]{subsection.6.5}{Estremo superiore di un insieme limitato}{section.6}% 34
\BOOKMARK [2][-]{subsection.6.6}{Estremo inferiore di un insieme limitato}{section.6}% 35
\BOOKMARK [2][-]{subsection.6.7}{Collegamento tra estremo inferiore \(superiore\) e l'assioma di completezza}{section.6}% 36
