\BOOKMARK [1][-]{section.1}{Insiemi}{}% 1
\BOOKMARK [2][-]{subsection.1.1}{Sottoinsiemi}{section.1}% 2
\BOOKMARK [2][-]{subsection.1.2}{Insiemi numerici}{section.1}% 3
\BOOKMARK [2][-]{subsection.1.3}{Operazioni}{section.1}% 4
\BOOKMARK [1][-]{section.2}{Relazioni}{}% 5
\BOOKMARK [2][-]{subsection.2.1}{Relazioni particolari}{section.2}% 6
\BOOKMARK [1][-]{section.3}{Funzioni}{}% 7
\BOOKMARK [1][-]{section.4}{Operazioni}{}% 8
\BOOKMARK [1][-]{section.5}{Struttura algebrica}{}% 9
\BOOKMARK [2][-]{subsection.5.1}{Il gruppo}{section.5}% 10
\BOOKMARK [2][-]{subsection.5.2}{L'anello}{section.5}% 11
\BOOKMARK [2][-]{subsection.5.3}{Il campo}{section.5}% 12
\BOOKMARK [2][-]{subsection.5.4}{Omomorfismo}{section.5}% 13
\BOOKMARK [1][-]{section.6}{Polinomi}{}% 14
\BOOKMARK [2][-]{subsection.6.1}{Divisione tra polinomi}{section.6}% 15
\BOOKMARK [1][-]{section.7}{Matrici}{}% 16
\BOOKMARK [2][-]{subsection.7.1}{Le matrici quadrate}{section.7}% 17
\BOOKMARK [2][-]{subsection.7.2}{Matrice invertibile}{section.7}% 18
\BOOKMARK [2][-]{subsection.7.3}{La matrice trasposta}{section.7}% 19
\BOOKMARK [2][-]{subsection.7.4}{Operazioni con le matrici}{section.7}% 20
\BOOKMARK [2][-]{subsection.7.5}{Pivot e matrice a scala}{section.7}% 21
\BOOKMARK [2][-]{subsection.7.6}{Eliminazione di Gauss}{section.7}% 22
\BOOKMARK [1][-]{section.8}{Sistemi lineari}{}% 23
\BOOKMARK [2][-]{subsection.8.1}{Sistema lineare omogeneo}{section.8}% 24
\BOOKMARK [2][-]{subsection.8.2}{Teorema di struttura delle soluzioni}{section.8}% 25
\BOOKMARK [2][-]{subsection.8.3}{Forma chiusa per il calcolo della soluzione di un sistema lineare}{section.8}% 26
\BOOKMARK [2][-]{subsection.8.4}{Equivalenza dei sistemi lineari}{section.8}% 27
\BOOKMARK [2][-]{subsection.8.5}{Algoritmo di Gauss per la risoluzione dei sistemi lineari}{section.8}% 28
\BOOKMARK [2][-]{subsection.8.6}{Teorema di Rouch\351-Capelli}{section.8}% 29
